main.obj : error LNK2019: unresolved external symbol "void * __cdecl operator new(unsigned __int64)" (??2@YAPEAX_K@Z) referenced in function main
main.obj : error LNK2019: unresolved external symbol "void __cdecl operator delete(void *,unsigned __int64)" (??3@YAXPEAX_K@Z) referenced in function "public: __cdecl std::unique_ptr<class std::array<float,10404>,struct std::default_delete<class std::array<float,10404> > >::~unique_ptr<class std::array<float,10404>,struct std::default_delete<class std::array<float,10404> > >(void)" (??1?$unique_ptr@V?$array@M$0CIKE@@std@@U?$default_delete@V?$array@M$0CIKE@@std@@@2@@std@@QEAA@XZ)
main.obj : error LNK2001: unresolved external symbol __std_terminate
solver.obj : error LNK2001: unresolved external symbol __std_terminate
main.obj : error LNK2001: unresolved external symbol __CxxFrameHandler4
solver.obj : error LNK2001: unresolved external symbol __CxxFrameHandler4
raylib.lib(rshapes.obj) : error LNK2001: unresolved external symbol memset
raylib.lib(rtext.obj) : error LNK2001: unresolved external symbol memset
raylib.lib(rglfw.obj) : error LNK2001: unresolved external symbol memset
main.obj : error LNK2001: unresolved external symbol memset
raylib.lib(rcore.obj) : error LNK2001: unresolved external symbol memset
raylib.lib(rtextures.obj) : error LNK2001: unresolved external symbol memset
raylib.lib(utils.obj) : error LNK2001: unresolved external symbol memset
main.obj : error LNK2019: unresolved external symbol sqrtf referenced in function "void __cdecl add_liquid(int,int,float *)" (?add_liquid@@YAXHHPEAM@Z)
raylib.lib(rcore.obj) : error LNK2001: unresolved external symbol sqrtf
raylib.lib(rshapes.obj) : error LNK2001: unresolved external symbol sqrtf
raylib.lib(rtext.obj) : error LNK2001: unresolved external symbol sqrtf
raylib.lib(rtext.obj) : error LNK2001: unresolved external symbol _fltused
raylib.lib(rglfw.obj) : error LNK2001: unresolved external symbol _fltused
main.obj : error LNK2001: unresolved external symbol _fltused
raylib.lib(rcore.obj) : error LNK2001: unresolved external symbol _fltused
raylib.lib(rtextures.obj) : error LNK2001: unresolved external symbol _fltused
raylib.lib(rshapes.obj) : error LNK2001: unresolved external symbol _fltused
LINK : error LNK2001: unresolved external symbol mainCRTStartup
raylib.lib(rcore.obj) : error LNK2019: unresolved external symbol __report_rangecheckfailure referenced in function GetApplicationDirectory
raylib.lib(rtext.obj) : error LNK2001: unresolved external symbol __report_rangecheckfailure
raylib.lib(rcore.obj) : error LNK2019: unresolved external symbol __imp_calloc referenced in function CompressData
raylib.lib(rtextures.obj) : error LNK2001: unresolved external symbol __imp_calloc
raylib.lib(utils.obj) : error LNK2001: unresolved external symbol __imp_calloc
raylib.lib(rtext.obj) : error LNK2001: unresolved external symbol __imp_calloc
raylib.lib(rglfw.obj) : error LNK2001: unresolved external symbol __imp_free
raylib.lib(rcore.obj) : error LNK2001: unresolved external symbol __imp_free
raylib.lib(rtextures.obj) : error LNK2001: unresolved external symbol __imp_free
raylib.lib(utils.obj) : error LNK2001: unresolved external symbol __imp_free
raylib.lib(rtext.obj) : error LNK2001: unresolved external symbol __imp_free
raylib.lib(rglfw.obj) : error LNK2001: unresolved external symbol __imp_malloc
raylib.lib(rcore.obj) : error LNK2001: unresolved external symbol __imp_malloc
raylib.lib(rtextures.obj) : error LNK2001: unresolved external symbol __imp_malloc
raylib.lib(utils.obj) : error LNK2001: unresolved external symbol __imp_malloc
raylib.lib(rtext.obj) : error LNK2001: unresolved external symbol __imp_malloc
raylib.lib(rglfw.obj) : error LNK2001: unresolved external symbol __imp_realloc
raylib.lib(rcore.obj) : error LNK2001: unresolved external symbol __imp_realloc
raylib.lib(rtextures.obj) : error LNK2001: unresolved external symbol __imp_realloc
raylib.lib(utils.obj) : error LNK2001: unresolved external symbol __imp_realloc
raylib.lib(rtext.obj) : error LNK2001: unresolved external symbol __imp_realloc
raylib.lib(rcore.obj) : error LNK2019: unresolved external symbol __imp__errno referenced in function DirectoryExists
raylib.lib(rcore.obj) : error LNK2019: unresolved external symbol __imp_system referenced in function OpenURL
raylib.lib(rcore.obj) : error LNK2019: unresolved external symbol __imp_fclose referenced in function GetFileLength
raylib.lib(rtextures.obj) : error LNK2001: unresolved external symbol __imp_fclose
raylib.lib(utils.obj) : error LNK2001: unresolved external symbol __imp_fclose
raylib.lib(rcore.obj) : error LNK2019: unresolved external symbol __imp_feof referenced in function LoadAutomationEventList
raylib.lib(rtextures.obj) : error LNK2001: unresolved external symbol __imp_feof
raylib.lib(rcore.obj) : error LNK2019: unresolved external symbol __imp_fgets referenced in function LoadAutomationEventList
raylib.lib(rcore.obj) : error LNK2019: unresolved external symbol __imp_fopen referenced in function GetFileLength
raylib.lib(rtextures.obj) : error LNK2001: unresolved external symbol __imp_fopen
raylib.lib(utils.obj) : error LNK2001: unresolved external symbol __imp_fopen
raylib.lib(rcore.obj) : error LNK2019: unresolved external symbol __imp_fseek referenced in function GetFileLength
raylib.lib(rtextures.obj) : error LNK2001: unresolved external symbol __imp_fseek
raylib.lib(utils.obj) : error LNK2001: unresolved external symbol __imp_fseek
raylib.lib(rcore.obj) : error LNK2019: unresolved external symbol __imp_ftell referenced in function GetFileLength
raylib.lib(rtextures.obj) : error LNK2001: unresolved external symbol __imp_ftell
raylib.lib(utils.obj) : error LNK2001: unresolved external symbol __imp_ftell
raylib.lib(rglfw.obj) : error LNK2001: unresolved external symbol __imp___stdio_common_vsprintf
raylib.lib(rcore.obj) : error LNK2001: unresolved external symbol __imp___stdio_common_vsprintf
raylib.lib(rtextures.obj) : error LNK2001: unresolved external symbol __imp___stdio_common_vsprintf
raylib.lib(utils.obj) : error LNK2001: unresolved external symbol __imp___stdio_common_vsprintf
raylib.lib(rtext.obj) : error LNK2001: unresolved external symbol __imp___stdio_common_vsprintf
raylib.lib(rcore.obj) : error LNK2019: unresolved external symbol __imp___stdio_common_vsscanf referenced in function sscanf
raylib.lib(rtext.obj) : error LNK2001: unresolved external symbol __imp___stdio_common_vsscanf
raylib.lib(rglfw.obj) : error LNK2001: unresolved external symbol __imp___stdio_common_vsscanf
raylib.lib(rcore.obj) : error LNK2019: unresolved external symbol strchr referenced in function OpenURL
raylib.lib(rcore.obj) : error LNK2019: unresolved external symbol strrchr referenced in function GetFileExtension
raylib.lib(rtext.obj) : error LNK2001: unresolved external symbol strrchr
raylib.lib(rcore.obj) : error LNK2019: unresolved external symbol strstr referenced in function glad_gl_find_extensions_gl
raylib.lib(rtext.obj) : error LNK2001: unresolved external symbol strstr
raylib.lib(rglfw.obj) : error LNK2001: unresolved external symbol strstr
raylib.lib(rcore.obj) : error LNK2019: unresolved external symbol __imp_strncmp referenced in function glad_gl_find_core_gl
raylib.lib(rglfw.obj) : error LNK2001: unresolved external symbol __imp_strncmp
raylib.lib(rcore.obj) : error LNK2019: unresolved external symbol __imp_strncpy referenced in function GetPrevDirectoryPath
raylib.lib(rtext.obj) : error LNK2001: unresolved external symbol __imp_strncpy
raylib.lib(rglfw.obj) : error LNK2001: unresolved external symbol __imp_strncpy
raylib.lib(rcore.obj) : error LNK2019: unresolved external symbol __imp_strpbrk referenced in function GetDirectoryPath
raylib.lib(rcore.obj) : error LNK2019: unresolved external symbol __imp__time64 referenced in function InitWindow
raylib.lib(rcore.obj) : error LNK2019: unresolved external symbol __imp_round referenced in function SetupFramebuffer
raylib.lib(rtextures.obj) : error LNK2001: unresolved external symbol __imp_round
raylib.lib(rcore.obj) : error LNK2019: unresolved external symbol __imp_fmaxf referenced in function FloatEquals
raylib.lib(rtextures.obj) : error LNK2001: unresolved external symbol __imp_fmaxf
raylib.lib(rshapes.obj) : error LNK2001: unresolved external symbol __imp_fmaxf
raylib.lib(rcore.obj) : error LNK2019: unresolved external symbol __imp_fminf referenced in function Vector2Clamp
raylib.lib(rtextures.obj) : error LNK2001: unresolved external symbol __imp_fminf
raylib.lib(rshapes.obj) : error LNK2001: unresolved external symbol __imp_fminf
raylib.lib(rcore.obj) : error LNK2019: unresolved external symbol __imp_roundf referenced in function GetFPS
raylib.lib(rcore.obj) : error LNK2019: unresolved external symbol __imp__stat64i32 referenced in function GetFileModTime
raylib.lib(rcore.obj) : error LNK2019: unresolved external symbol __imp__access referenced in function FileExists
raylib.lib(rcore.obj) : error LNK2019: unresolved external symbol __imp__findclose referenced in function DirectoryExists
raylib.lib(rcore.obj) : error LNK2019: unresolved external symbol __imp__findfirst64i32 referenced in function opendir
raylib.lib(rcore.obj) : error LNK2019: unresolved external symbol __imp__findnext64i32 referenced in function LoadDirectoryFiles
raylib.lib(rcore.obj) : error LNK2019: unresolved external symbol __imp__getcwd referenced in function GetWorkingDirectory
raylib.lib(rcore.obj) : error LNK2019: unresolved external symbol __imp__chdir referenced in function ChangeDirectory
raylib.lib(rtext.obj) : error LNK2001: unresolved external symbol __GSHandlerCheck
raylib.lib(rglfw.obj) : error LNK2001: unresolved external symbol __GSHandlerCheck
msvcprt.lib(vector_algorithms.obj) : error LNK2001: unresolved external symbol __GSHandlerCheck
raylib.lib(rcore.obj) : error LNK2001: unresolved external symbol __GSHandlerCheck
raylib.lib(rtextures.obj) : error LNK2001: unresolved external symbol __GSHandlerCheck
raylib.lib(utils.obj) : error LNK2001: unresolved external symbol __GSHandlerCheck
raylib.lib(rshapes.obj) : error LNK2001: unresolved external symbol __GSHandlerCheck
raylib.lib(rcore.obj) : error LNK2019: unresolved external symbol __chkstk referenced in function ScanDirectoryFilesRecursively
raylib.lib(rtextures.obj) : error LNK2001: unresolved external symbol __chkstk
raylib.lib(rtext.obj) : error LNK2001: unresolved external symbol __chkstk
raylib.lib(rtext.obj) : error LNK2001: unresolved external symbol __security_check_cookie
raylib.lib(rglfw.obj) : error LNK2001: unresolved external symbol __security_check_cookie
msvcprt.lib(vector_algorithms.obj) : error LNK2001: unresolved external symbol __security_check_cookie
raylib.lib(rcore.obj) : error LNK2001: unresolved external symbol __security_check_cookie
raylib.lib(rtextures.obj) : error LNK2001: unresolved external symbol __security_check_cookie
raylib.lib(utils.obj) : error LNK2001: unresolved external symbol __security_check_cookie
raylib.lib(rshapes.obj) : error LNK2001: unresolved external symbol __security_check_cookie
raylib.lib(rcore.obj) : error LNK2019: unresolved external symbol acosf referenced in function QuaternionSlerp
raylib.lib(rshapes.obj) : error LNK2001: unresolved external symbol acosf
raylib.lib(rcore.obj) : error LNK2019: unresolved external symbol asinf referenced in function QuaternionToEuler
raylib.lib(rcore.obj) : error LNK2019: unresolved external symbol atan2f referenced in function CameraPitch
raylib.lib(rcore.obj) : error LNK2019: unresolved external symbol cosf referenced in function MatrixRotate
raylib.lib(rtextures.obj) : error LNK2001: unresolved external symbol cosf
raylib.lib(rshapes.obj) : error LNK2001: unresolved external symbol cosf
raylib.lib(rcore.obj) : error LNK2019: unresolved external symbol floor referenced in function rlGenTextureMipmaps
raylib.lib(rtext.obj) : error LNK2001: unresolved external symbol floor
raylib.lib(rcore.obj) : error LNK2019: unresolved external symbol floorf referenced in function Wrap
raylib.lib(rtextures.obj) : error LNK2001: unresolved external symbol floorf
raylib.lib(rcore.obj) : error LNK2019: unresolved external symbol log referenced in function rlGenTextureMipmaps
raylib.lib(rglfw.obj) : error LNK2001: unresolved external symbol memcpy
raylib.lib(rcore.obj) : error LNK2001: unresolved external symbol memcpy
raylib.lib(rtextures.obj) : error LNK2001: unresolved external symbol memcpy
raylib.lib(utils.obj) : error LNK2001: unresolved external symbol memcpy
raylib.lib(rtext.obj) : error LNK2001: unresolved external symbol memcpy
raylib.lib(rcore.obj) : error LNK2019: unresolved external symbol sinf referenced in function MatrixRotate
raylib.lib(rtextures.obj) : error LNK2001: unresolved external symbol sinf
raylib.lib(rshapes.obj) : error LNK2001: unresolved external symbol sinf
raylib.lib(rcore.obj) : error LNK2019: unresolved external symbol sqrt referenced in function ProcessGestureEvent
raylib.lib(rtext.obj) : error LNK2001: unresolved external symbol sqrt
raylib.lib(rcore.obj) : error LNK2019: unresolved external symbol strcmp referenced in function glad_gl_find_extensions_gl
raylib.lib(rglfw.obj) : error LNK2001: unresolved external symbol strcmp
raylib.lib(rcore.obj) : error LNK2019: unresolved external symbol tan referenced in function BeginMode3D
raylib.lib(rtext.obj) : error LNK2001: unresolved external symbol __security_cookie
raylib.lib(rglfw.obj) : error LNK2001: unresolved external symbol __security_cookie
msvcprt.lib(vector_algorithms.obj) : error LNK2001: unresolved external symbol __security_cookie
raylib.lib(rcore.obj) : error LNK2001: unresolved external symbol __security_cookie
raylib.lib(rtextures.obj) : error LNK2001: unresolved external symbol __security_cookie
raylib.lib(utils.obj) : error LNK2001: unresolved external symbol __security_cookie
raylib.lib(rshapes.obj) : error LNK2001: unresolved external symbol __security_cookie
raylib.lib(rtextures.obj) : error LNK2019: unresolved external symbol __imp_fmax referenced in function GenImageGradientRadial
raylib.lib(rtextures.obj) : error LNK2019: unresolved external symbol __imp_fmin referenced in function GenImageCellular
raylib.lib(rtextures.obj) : error LNK2019: unresolved external symbol __imp_frexp referenced in function stbiw__write_hdr_scanline
raylib.lib(rtextures.obj) : error LNK2019: unresolved external symbol __imp_hypot referenced in function GenImageCellular
raylib.lib(rtextures.obj) : error LNK2019: unresolved external symbol __imp___acrt_iob_func referenced in function printf
raylib.lib(utils.obj) : error LNK2001: unresolved external symbol __imp___acrt_iob_func
raylib.lib(rtextures.obj) : error LNK2019: unresolved external symbol __imp_fopen_s referenced in function stbi_info
raylib.lib(rtextures.obj) : error LNK2019: unresolved external symbol __imp_ferror referenced in function stbi__stdio_eof
raylib.lib(rtextures.obj) : error LNK2019: unresolved external symbol __imp_fflush referenced in function ExportImage
raylib.lib(utils.obj) : error LNK2001: unresolved external symbol __imp_fflush
raylib.lib(rtextures.obj) : error LNK2019: unresolved external symbol __imp_fgetc referenced in function stbi__stdio_skip
raylib.lib(rtextures.obj) : error LNK2019: unresolved external symbol __imp_fread referenced in function stbi__stdio_read
raylib.lib(utils.obj) : error LNK2001: unresolved external symbol __imp_fread
raylib.lib(rtextures.obj) : error LNK2019: unresolved external symbol __imp_fwrite referenced in function ExportImage
raylib.lib(utils.obj) : error LNK2001: unresolved external symbol __imp_fwrite
raylib.lib(rtextures.obj) : error LNK2019: unresolved external symbol __imp_ungetc referenced in function stbi__stdio_skip
raylib.lib(rtextures.obj) : error LNK2019: unresolved external symbol __imp___stdio_common_vfprintf referenced in function printf
raylib.lib(utils.obj) : error LNK2001: unresolved external symbol __imp___stdio_common_vfprintf
raylib.lib(rtextures.obj) : error LNK2019: unresolved external symbol _hypotf referenced in function GenImageGradientRadial
raylib.lib(rtextures.obj) : error LNK2019: unresolved external symbol ceilf referenced in function ImageToPOT
raylib.lib(rshapes.obj) : error LNK2001: unresolved external symbol ceilf
raylib.lib(rtext.obj) : error LNK2001: unresolved external symbol ceilf
raylib.lib(rtextures.obj) : error LNK2019: unresolved external symbol fmodf referenced in function ColorFromHSV
raylib.lib(rtextures.obj) : error LNK2019: unresolved external symbol logf referenced in function ImageToPOT
raylib.lib(rtext.obj) : error LNK2001: unresolved external symbol logf
raylib.lib(rtextures.obj) : error LNK2019: unresolved external symbol memcmp referenced in function stbi_write_tga_core
raylib.lib(rtextures.obj) : error LNK2019: unresolved external symbol memmove referenced in function stbi_write_png_to_mem
raylib.lib(rglfw.obj) : error LNK2001: unresolved external symbol memmove
raylib.lib(rtextures.obj) : error LNK2019: unresolved external symbol pow referenced in function stbi__ldr_to_hdr
raylib.lib(rtext.obj) : error LNK2001: unresolved external symbol pow
raylib.lib(rtextures.obj) : error LNK2019: unresolved external symbol powf referenced in function ImageToPOT
raylib.lib(rshapes.obj) : error LNK2001: unresolved external symbol powf
raylib.lib(rtext.obj) : error LNK2001: unresolved external symbol powf
raylib.lib(rglfw.obj) : error LNK2001: unresolved external symbol powf
raylib.lib(utils.obj) : error LNK2019: unresolved external symbol __imp_exit referenced in function TraceLog
raylib.lib(rtext.obj) : error LNK2019: unresolved external symbol __imp_qsort referenced in function stbrp_pack_rects
raylib.lib(rglfw.obj) : error LNK2001: unresolved external symbol __imp_qsort
raylib.lib(rtext.obj) : error LNK2019: unresolved external symbol acos referenced in function stbtt__solve_cubic
raylib.lib(rtext.obj) : error LNK2019: unresolved external symbol ceil referenced in function stbtt_GetGlyphBitmapSubpixel
raylib.lib(rtext.obj) : error LNK2019: unresolved external symbol cos referenced in function stbtt__solve_cubic
raylib.lib(rtext.obj) : error LNK2019: unresolved external symbol fmod referenced in function stbtt__compute_crossings_x
raylib.lib(rglfw.obj) : error LNK2019: unresolved external symbol __imp_strcspn referenced in function glfwUpdateGamepadMappings
raylib.lib(rglfw.obj) : error LNK2019: unresolved external symbol __imp_strspn referenced in function glfwUpdateGamepadMappings
raylib.lib(rglfw.obj) : error LNK2019: unresolved external symbol __imp_strtok referenced in function _glfwParseUriList
raylib.lib(rglfw.obj) : error LNK2019: unresolved external symbol __imp_strtol referenced in function _glfwParseUriList
raylib.lib(rglfw.obj) : error LNK2019: unresolved external symbol __imp_strtoul referenced in function parseMapping
msvcprt.lib(vector_algorithms.obj) : error LNK2001: unresolved external symbol __isa_enabled
build\Release\Fluid.exe : fatal error LNK1120: 90 unresolved externals
